TN:
SF:src\application.ts
FN:30,(anonymous_0)
FNF:1
FNH:1
FNDA:6,(anonymous_0)
DA:1,1
DA:3,1
DA:7,1
DA:8,1
DA:9,1
DA:10,1
DA:11,1
DA:20,1
DA:22,1
DA:23,1
DA:27,1
DA:31,6
DA:34,6
DA:37,6
DA:40,6
DA:46,6
DA:48,6
DA:50,6
DA:52,6
DA:54,6
DA:55,6
DA:57,6
LF:22
LH:22
BRDA:30,0,0,0
BRF:1
BRH:0
end_of_record
TN:
SF:src\index.ts
FN:12,main
FN:42,(anonymous_1)
FNF:2
FNH:0
FNDA:0,main
FNDA:0,(anonymous_1)
DA:1,1
DA:3,1
DA:5,1
DA:6,1
DA:7,1
DA:8,1
DA:9,1
DA:10,1
DA:12,1
DA:13,0
DA:14,0
DA:15,0
DA:17,0
DA:18,0
DA:19,0
DA:21,0
DA:24,1
DA:26,0
DA:42,0
DA:43,0
DA:44,0
LF:21
LH:10
BRDA:12,0,0,0
BRDA:24,1,0,0
BRDA:24,1,1,1
BRDA:28,2,0,0
BRDA:28,2,1,0
BRDA:28,3,0,0
BRDA:28,3,1,0
BRF:7
BRH:1
end_of_record
TN:
SF:src\jwt-authentication-component.ts
FN:70,(anonymous_0)
FNF:1
FNH:0
FNDA:0,(anonymous_0)
DA:6,1
DA:7,1
DA:15,1
DA:22,1
DA:27,1
DA:28,1
DA:29,1
DA:30,1
DA:32,1
DA:33,0
DA:71,0
LF:11
LH:9
BRF:0
BRH:0
end_of_record
TN:
SF:src\keys.ts
FN:19,(anonymous_0)
FN:24,(anonymous_1)
FN:36,(anonymous_2)
FN:49,(anonymous_3)
FN:68,(anonymous_4)
FNF:5
FNH:5
FNDA:1,(anonymous_0)
FNDA:1,(anonymous_1)
FNDA:1,(anonymous_2)
FNDA:1,(anonymous_3)
FNDA:1,(anonymous_4)
DA:7,1
DA:16,1
DA:19,1
DA:20,1
DA:21,1
DA:24,1
DA:25,1
DA:28,1
DA:31,1
DA:36,1
DA:37,1
DA:40,1
DA:41,1
DA:42,1
DA:49,1
DA:53,1
DA:57,1
DA:61,1
DA:68,1
DA:69,1
DA:72,1
DA:75,1
DA:78,1
DA:84,1
DA:89,1
LF:25
LH:25
BRDA:19,0,0,1
BRDA:19,0,1,1
BRDA:24,1,0,1
BRDA:24,1,1,1
BRDA:36,2,0,1
BRDA:36,2,1,1
BRDA:49,3,0,1
BRDA:49,3,1,1
BRDA:68,4,0,1
BRDA:68,4,1,1
BRF:10
BRH:10
end_of_record
TN:
SF:src\sequence.ts
FN:30,(anonymous_0)
FN:29,(anonymous_1)
FN:43,(anonymous_2)
FNF:3
FNH:2
FNDA:11,(anonymous_0)
FNDA:0,(anonymous_1)
FNDA:11,(anonymous_2)
DA:6,1
DA:12,1
DA:13,1
DA:25,1
DA:27,1
DA:28,1
DA:29,11
DA:31,11
DA:32,11
DA:33,11
DA:34,11
DA:35,11
DA:36,11
DA:40,11
DA:44,11
DA:45,11
DA:47,11
DA:48,11
DA:49,11
DA:53,11
DA:55,11
DA:56,11
DA:57,6
DA:59,5
DA:63,0
DA:65,5
LF:26
LH:25
BRDA:48,0,0,0
BRDA:48,0,1,11
BRDA:59,1,0,0
BRDA:59,1,1,5
BRDA:60,2,0,5
BRDA:60,2,1,5
BRF:6
BRH:4
end_of_record
TN:
SF:src\controllers\actor.controller.ts
FN:26,(anonymous_0)
FN:36,(anonymous_1)
FN:57,(anonymous_2)
FN:75,(anonymous_3)
FN:86,(anonymous_4)
FN:109,(anonymous_5)
FN:120,(anonymous_6)
FN:138,(anonymous_7)
FN:149,(anonymous_8)
FN:169,(anonymous_9)
FNF:10
FNH:2
FNDA:1,(anonymous_0)
FNDA:1,(anonymous_1)
FNDA:0,(anonymous_2)
FNDA:0,(anonymous_3)
FNDA:0,(anonymous_4)
FNDA:0,(anonymous_5)
FNDA:0,(anonymous_6)
FNDA:0,(anonymous_7)
FNDA:0,(anonymous_8)
FNDA:0,(anonymous_9)
DA:1,1
DA:9,1
DA:20,1
DA:21,1
DA:22,1
DA:25,1
DA:28,1
DA:36,1
DA:49,1
DA:57,1
DA:60,0
DA:75,1
DA:78,0
DA:86,1
DA:97,0
DA:109,1
DA:113,0
DA:120,1
DA:131,0
DA:138,1
DA:142,0
DA:149,1
DA:151,0
DA:152,0
DA:153,0
DA:154,0
DA:157,0
DA:160,0
DA:169,1
DA:172,0
DA:173,0
DA:177,0
DA:181,0
LF:33
LH:17
BRDA:172,0,0,0
BRDA:172,0,1,0
BRF:2
BRH:0
end_of_record
TN:
SF:src\controllers\admin.controller.ts
FN:50,(anonymous_0)
FN:73,(anonymous_1)
FNF:2
FNH:0
FNDA:0,(anonymous_0)
FNDA:0,(anonymous_1)
DA:1,1
DA:5,1
DA:13,1
DA:14,1
DA:17,1
DA:18,1
DA:25,1
DA:27,1
DA:28,1
DA:29,1
DA:38,1
DA:39,1
DA:49,1
DA:54,0
DA:56,0
DA:58,0
DA:60,0
DA:62,0
DA:73,1
DA:86,0
DA:87,0
DA:90,0
DA:94,0
DA:95,0
DA:96,0
DA:97,0
DA:98,0
DA:99,0
DA:100,0
DA:102,0
DA:105,0
LF:31
LH:14
BRDA:94,0,0,0
BRDA:94,0,1,0
BRF:2
BRH:0
end_of_record
TN:
SF:src\controllers\movie-review.controller.ts
FN:27,(anonymous_0)
FN:43,(anonymous_1)
FN:58,(anonymous_2)
FN:94,(anonymous_3)
FN:117,(anonymous_4)
FNF:5
FNH:2
FNDA:1,(anonymous_0)
FNDA:0,(anonymous_1)
FNDA:1,(anonymous_2)
FNDA:0,(anonymous_3)
FNDA:0,(anonymous_4)
DA:1,1
DA:8,1
DA:18,1
DA:22,1
DA:24,1
DA:26,1
DA:28,1
DA:43,1
DA:47,0
DA:58,1
DA:72,1
DA:74,1
DA:75,1
DA:76,1
DA:77,1
DA:78,1
DA:79,1
DA:82,0
DA:83,0
DA:94,1
DA:106,0
DA:117,1
DA:121,0
LF:23
LH:18
BRDA:78,0,0,1
BRDA:78,0,1,0
BRF:2
BRH:1
end_of_record
TN:
SF:src\controllers\movie.controller.ts
FN:23,(anonymous_0)
FN:33,(anonymous_1)
FN:54,(anonymous_2)
FN:72,(anonymous_3)
FN:91,(anonymous_4)
FN:108,(anonymous_5)
FN:132,(anonymous_6)
FN:152,(anonymous_7)
FN:171,(anonymous_8)
FN:185,(anonymous_9)
FN:203,(anonymous_10)
FN:214,(anonymous_11)
FNF:12
FNH:2
FNDA:1,(anonymous_0)
FNDA:1,(anonymous_1)
FNDA:0,(anonymous_2)
FNDA:0,(anonymous_3)
FNDA:0,(anonymous_4)
FNDA:0,(anonymous_5)
FNDA:0,(anonymous_6)
FNDA:0,(anonymous_7)
FNDA:0,(anonymous_8)
FNDA:0,(anonymous_9)
FNDA:0,(anonymous_10)
FNDA:0,(anonymous_11)
DA:1,1
DA:8,1
DA:19,1
DA:20,1
DA:22,1
DA:25,1
DA:33,1
DA:46,1
DA:54,1
DA:57,0
DA:72,1
DA:75,0
DA:91,1
DA:94,0
DA:95,0
DA:100,0
DA:108,1
DA:119,0
DA:132,1
DA:137,0
DA:152,1
DA:157,0
DA:171,1
DA:177,0
DA:185,1
DA:196,0
DA:203,1
DA:207,0
DA:214,1
DA:217,0
DA:218,0
DA:220,0
DA:222,0
DA:224,0
DA:226,0
DA:227,0
DA:231,0
DA:232,0
DA:233,0
DA:237,0
LF:40
LH:18
BRDA:226,0,0,0
BRDA:226,0,1,0
BRF:2
BRH:0
end_of_record
TN:
SF:src\controllers\ping.controller.ts
FN:41,(anonymous_0)
FN:46,(anonymous_1)
FNF:2
FNH:2
FNDA:1,(anonymous_0)
FNDA:1,(anonymous_1)
DA:1,1
DA:2,1
DA:13,1
DA:40,1
DA:41,1
DA:44,1
DA:48,1
LF:7
LH:7
BRF:0
BRH:0
end_of_record
TN:
SF:src\controllers\review.controller.ts
FN:24,(anonymous_0)
FN:34,(anonymous_1)
FN:57,(anonymous_2)
FN:75,(anonymous_3)
FN:87,(anonymous_4)
FN:110,(anonymous_5)
FN:121,(anonymous_6)
FN:139,(anonymous_7)
FN:150,(anonymous_8)
FN:159,(anonymous_9)
FNF:10
FNH:0
FNDA:0,(anonymous_0)
FNDA:0,(anonymous_1)
FNDA:0,(anonymous_2)
FNDA:0,(anonymous_3)
FNDA:0,(anonymous_4)
FNDA:0,(anonymous_5)
FNDA:0,(anonymous_6)
FNDA:0,(anonymous_7)
FNDA:0,(anonymous_8)
FNDA:0,(anonymous_9)
DA:1,1
DA:9,1
DA:20,1
DA:21,1
DA:23,1
DA:26,0
DA:34,1
DA:49,0
DA:57,1
DA:60,0
DA:75,1
DA:78,0
DA:87,1
DA:98,0
DA:110,1
DA:114,0
DA:121,1
DA:132,0
DA:139,1
DA:143,0
DA:150,1
DA:152,0
DA:159,1
DA:162,0
DA:166,0
LF:25
LH:14
BRF:0
BRH:0
end_of_record
TN:
SF:src\controllers\user-review.controller.ts
FN:16,(anonymous_0)
FN:33,(anonymous_1)
FNF:2
FNH:0
FNDA:0,(anonymous_0)
FNDA:0,(anonymous_1)
DA:1,1
DA:4,1
DA:9,1
DA:13,1
DA:15,1
DA:18,0
DA:33,1
DA:36,0
LF:8
LH:6
BRF:0
BRH:0
end_of_record
TN:
SF:src\controllers\user.controller.ts
FN:106,(anonymous_0)
FN:131,(anonymous_1)
FN:202,(anonymous_2)
FN:234,(anonymous_3)
FN:254,(anonymous_4)
FN:265,(anonymous_5)
FN:296,(anonymous_6)
FN:307,(anonymous_7)
FN:309,(anonymous_8)
FNF:9
FNH:3
FNDA:5,(anonymous_0)
FNDA:1,(anonymous_1)
FNDA:4,(anonymous_2)
FNDA:0,(anonymous_3)
FNDA:0,(anonymous_4)
FNDA:0,(anonymous_5)
FNDA:0,(anonymous_6)
FNDA:0,(anonymous_7)
FNDA:0,(anonymous_8)
DA:1,1
DA:9,1
DA:22,1
DA:23,1
DA:24,1
DA:29,1
DA:34,1
DA:35,1
DA:36,1
DA:37,1
DA:38,1
DA:51,1
DA:62,1
DA:71,1
DA:87,1
DA:88,1
DA:95,1
DA:105,1
DA:110,5
DA:112,5
DA:114,5
DA:116,5
DA:118,5
DA:120,5
DA:131,1
DA:144,1
DA:145,1
DA:146,1
DA:151,1
DA:152,0
DA:153,0
DA:154,0
DA:155,0
DA:156,0
DA:157,0
DA:158,0
DA:161,1
DA:163,0
DA:164,0
DA:165,0
DA:166,0
DA:167,0
DA:168,0
DA:169,0
DA:172,1
DA:202,1
DA:205,4
DA:208,4
DA:209,4
DA:210,2
DA:211,2
DA:212,2
DA:213,1
DA:215,1
DA:216,1
DA:234,1
DA:237,0
DA:254,1
DA:258,0
DA:265,1
DA:277,0
DA:278,0
DA:280,0
DA:284,0
DA:285,0
DA:288,0
DA:289,0
DA:296,1
DA:300,0
DA:307,1
DA:308,0
DA:309,0
DA:311,0
DA:312,0
DA:314,0
DA:319,0
DA:321,0
DA:323,0
DA:324,0
DA:325,0
DA:326,0
LF:81
LH:46
BRDA:151,0,0,0
BRDA:151,0,1,1
BRDA:151,1,0,1
BRDA:151,1,1,0
BRDA:161,2,0,0
BRDA:161,2,1,1
BRDA:161,3,0,1
BRDA:161,3,1,1
BRDA:208,4,0,2
BRDA:208,4,1,2
BRDA:208,5,0,4
BRDA:208,5,1,2
BRDA:212,6,0,1
BRDA:212,6,1,1
BRDA:284,7,0,0
BRDA:284,7,1,0
BRDA:284,8,0,0
BRDA:284,8,1,0
BRDA:319,9,0,0
BRDA:319,9,1,0
BRF:20
BRH:11
end_of_record
TN:
SF:src\datasources\db.datasource.ts
FN:26,(anonymous_0)
FNF:1
FNH:1
FNDA:18,(anonymous_0)
DA:1,1
DA:2,1
DA:4,1
DA:21,1
DA:23,1
DA:24,1
DA:30,18
LF:7
LH:7
BRDA:28,0,0,18
BRF:1
BRH:1
end_of_record
TN:
SF:src\datasources\index.ts
FNF:0
FNH:0
DA:1,1
LF:1
LH:1
BRF:0
BRH:0
end_of_record
TN:
SF:src\models\actor.model.ts
FN:43,(anonymous_0)
FNF:1
FNH:1
FNDA:2,(anonymous_0)
DA:1,1
DA:4,1
DA:5,1
DA:12,1
DA:18,1
DA:24,1
DA:30,1
DA:36,1
DA:44,2
LF:9
LH:9
BRF:0
BRH:0
end_of_record
TN:
SF:src\models\customeResponse.ts
FNF:0
FNH:0
DA:4,1
LF:1
LH:1
BRF:0
BRH:0
end_of_record
TN:
SF:src\models\index.ts
FNF:0
FNH:0
DA:1,1
DA:2,1
DA:3,1
DA:4,1
DA:5,1
DA:6,1
DA:7,1
LF:7
LH:7
BRF:0
BRH:0
end_of_record
TN:
SF:src\models\movie.model.ts
FN:51,(anonymous_0)
FN:45,(anonymous_1)
FN:48,(anonymous_2)
FNF:3
FNH:3
FNDA:2,(anonymous_0)
FNDA:8,(anonymous_1)
FNDA:7,(anonymous_2)
DA:1,1
DA:2,1
DA:3,1
DA:6,1
DA:7,1
DA:14,1
DA:20,1
DA:27,1
DA:33,1
DA:39,1
DA:45,8
DA:48,7
DA:52,2
LF:13
LH:13
BRF:0
BRH:0
end_of_record
TN:
SF:src\models\refresh-token.model.ts
FN:28,(anonymous_0)
FN:13,(anonymous_1)
FNF:2
FNH:0
FNDA:0,(anonymous_0)
FNDA:0,(anonymous_1)
DA:1,1
DA:2,1
DA:5,1
DA:6,1
DA:13,1
DA:16,1
DA:29,0
LF:7
LH:6
BRF:0
BRH:0
end_of_record
TN:
SF:src\models\review.model.ts
FN:62,(anonymous_0)
FNF:1
FNH:1
FNDA:1,(anonymous_0)
DA:1,1
DA:4,1
DA:5,1
DA:12,1
DA:18,1
DA:24,1
DA:31,1
DA:37,1
DA:42,1
DA:49,1
DA:55,1
DA:63,1
LF:12
LH:12
BRF:0
BRH:0
end_of_record
TN:
SF:src\models\user-credentials.model.ts
FN:36,(anonymous_0)
FNF:1
FNH:1
FNDA:8,(anonymous_0)
DA:6,1
DA:9,1
DA:10,1
DA:18,1
DA:24,1
DA:37,8
LF:6
LH:6
BRF:0
BRH:0
end_of_record
TN:
SF:src\models\user.model.ts
FN:66,(anonymous_0)
FN:47,(anonymous_1)
FN:62,(anonymous_2)
FNF:3
FNH:3
FNDA:11,(anonymous_0)
FNDA:49,(anonymous_1)
FNDA:52,(anonymous_2)
DA:1,1
DA:2,1
DA:3,1
DA:10,1
DA:11,1
DA:19,1
DA:27,1
DA:36,1
DA:42,1
DA:47,49
DA:50,1
DA:55,1
DA:62,52
DA:67,11
LF:14
LH:14
BRF:0
BRH:0
end_of_record
TN:
SF:src\repositories\actor.repository.ts
FN:11,(anonymous_0)
FNF:1
FNH:1
FNDA:2,(anonymous_0)
DA:1,1
DA:2,1
DA:3,1
DA:4,1
DA:6,1
DA:14,2
LF:6
LH:6
BRF:0
BRH:0
end_of_record
TN:
SF:src\repositories\index.ts
FNF:0
FNH:0
DA:1,1
DA:2,1
DA:3,1
DA:7,1
DA:8,1
DA:9,1
LF:6
LH:6
BRF:0
BRH:0
end_of_record
TN:
SF:src\repositories\movie.repository.ts
FN:18,(anonymous_0)
FNF:1
FNH:1
FNDA:3,(anonymous_0)
DA:1,1
DA:2,1
DA:3,1
DA:4,1
DA:8,1
DA:20,3
DA:21,3
DA:23,3
DA:24,3
DA:25,3
DA:26,3
DA:27,3
LF:12
LH:12
BRF:0
BRH:0
end_of_record
TN:
SF:src\repositories\refresh-token.repository.ts
FN:11,(anonymous_0)
FNF:1
FNH:1
FNDA:5,(anonymous_0)
DA:1,1
DA:2,1
DA:3,1
DA:4,1
DA:6,1
DA:15,5
LF:6
LH:6
BRF:0
BRH:0
end_of_record
TN:
SF:src\repositories\review.repository.ts
FN:11,(anonymous_0)
FNF:1
FNH:1
FNDA:7,(anonymous_0)
DA:1,1
DA:2,1
DA:3,1
DA:4,1
DA:6,1
DA:14,7
LF:6
LH:6
BRF:0
BRH:0
end_of_record
TN:
SF:src\repositories\user-credentials.repository.ts
FN:16,(anonymous_0)
FNF:1
FNH:1
FNDA:3,(anonymous_0)
DA:6,1
DA:7,1
DA:8,1
DA:9,1
DA:11,1
DA:20,3
LF:6
LH:6
BRF:0
BRH:0
end_of_record
TN:
SF:src\repositories\user.repository.ts
FN:29,(anonymous_0)
FN:51,(anonymous_1)
FN:56,(anonymous_2)
FNF:3
FNH:2
FNDA:16,(anonymous_0)
FNDA:2,(anonymous_1)
FNDA:0,(anonymous_2)
DA:6,1
DA:7,1
DA:12,1
DA:13,1
DA:17,1
DA:33,16
DA:34,16
DA:37,16
DA:38,16
DA:39,16
DA:41,16
DA:45,16
DA:54,2
DA:57,0
DA:58,0
LF:15
LH:13
BRDA:57,0,0,0
BRDA:57,0,1,0
BRF:2
BRH:0
end_of_record
TN:
SF:src\services\index.ts
FNF:0
FNH:0
DA:6,1
DA:7,1
DA:8,1
DA:9,1
DA:10,1
DA:11,1
LF:6
LH:6
BRF:0
BRH:0
end_of_record
TN:
SF:src\services\jwt.auth.strategy.ts
FN:15,(anonymous_0)
FN:20,(anonymous_1)
FN:26,(anonymous_2)
FNF:3
FNH:0
FNDA:0,(anonymous_0)
FNDA:0,(anonymous_1)
FNDA:0,(anonymous_2)
DA:7,1
DA:8,1
DA:10,1
DA:12,1
DA:13,0
DA:17,0
DA:21,0
DA:22,0
DA:23,0
DA:27,0
DA:28,0
DA:32,0
DA:34,0
DA:35,0
DA:41,0
DA:42,0
DA:43,0
DA:46,0
DA:48,0
LF:19
LH:4
BRDA:27,0,0,0
BRDA:27,0,1,0
BRDA:34,1,0,0
BRDA:34,1,1,0
BRDA:42,2,0,0
BRDA:42,2,1,0
BRF:6
BRH:0
end_of_record
TN:
SF:src\services\jwt.service.ts
FN:18,(anonymous_0)
FN:25,(anonymous_1)
FN:54,(anonymous_2)
FNF:3
FNH:0
FNDA:0,(anonymous_0)
FNDA:0,(anonymous_1)
FNDA:0,(anonymous_2)
DA:7,1
DA:8,1
DA:9,1
DA:10,1
DA:11,1
DA:13,1
DA:14,1
DA:15,1
DA:17,1
DA:20,0
DA:22,0
DA:26,0
DA:27,0
DA:34,0
DA:36,0
DA:38,0
DA:47,0
DA:51,0
DA:55,0
DA:56,0
DA:60,0
DA:67,0
DA:68,0
DA:72,0
DA:75,0
LF:25
LH:9
BRDA:26,0,0,0
BRDA:26,0,1,0
BRDA:55,1,0,0
BRDA:55,1,1,0
BRF:4
BRH:0
end_of_record
TN:
SF:src\services\refreshtoken.service.ts
FN:22,(anonymous_0)
FN:38,(anonymous_1)
FN:63,(anonymous_2)
FN:93,(anonymous_3)
FN:107,(anonymous_4)
FNF:5
FNH:0
FNDA:0,(anonymous_0)
FNDA:0,(anonymous_1)
FNDA:0,(anonymous_2)
FNDA:0,(anonymous_3)
FNDA:0,(anonymous_4)
DA:2,1
DA:3,1
DA:4,1
DA:5,1
DA:6,1
DA:7,1
DA:12,1
DA:13,1
DA:15,1
DA:16,1
DA:17,1
DA:18,1
DA:21,1
DA:24,0
DA:26,0
DA:28,0
DA:30,0
DA:31,0
DA:32,0
DA:42,0
DA:45,0
DA:49,0
DA:53,0
DA:57,0
DA:64,0
DA:65,0
DA:66,0
DA:71,0
DA:72,0
DA:76,0
DA:78,0
DA:80,0
DA:84,0
DA:94,0
DA:95,0
DA:110,0
DA:111,0
DA:112,0
DA:116,0
DA:117,0
DA:121,0
DA:123,0
LF:42
LH:13
BRDA:65,0,0,0
BRDA:65,0,1,0
BRDA:116,1,0,0
BRDA:116,1,1,0
BRF:4
BRH:0
end_of_record
TN:
SF:src\services\security.spec.enhancer.ts
FN:42,(anonymous_0)
FN:45,(anonymous_1)
FNF:2
FNH:0
FNDA:0,(anonymous_0)
FNDA:0,(anonymous_1)
DA:1,1
DA:6,1
DA:14,1
DA:15,1
DA:16,1
DA:22,1
DA:29,1
DA:42,1
DA:43,0
DA:46,0
DA:52,0
DA:53,0
DA:54,0
LF:13
LH:8
BRF:0
BRH:0
end_of_record
TN:
SF:src\services\user.service.ts
FN:25,(anonymous_0)
FN:29,(anonymous_1)
FN:58,(anonymous_2)
FN:68,(anonymous_3)
FNF:4
FNH:0
FNDA:0,(anonymous_0)
FNDA:0,(anonymous_1)
FNDA:0,(anonymous_2)
FNDA:0,(anonymous_3)
DA:7,1
DA:8,1
DA:9,1
DA:11,1
DA:13,1
DA:24,1
DA:26,0
DA:30,0
DA:32,0
DA:35,0
DA:36,0
DA:39,0
DA:42,0
DA:43,0
DA:46,0
DA:51,0
DA:52,0
DA:55,0
DA:59,0
DA:69,0
DA:70,0
DA:74,0
DA:75,0
DA:77,0
LF:24
LH:6
BRDA:35,0,0,0
BRDA:35,0,1,0
BRDA:42,1,0,0
BRDA:42,1,1,0
BRDA:51,2,0,0
BRDA:51,2,1,0
BRDA:74,3,0,0
BRDA:74,3,1,0
BRF:8
BRH:0
end_of_record
TN:
SF:src\services\validator.service.ts
FN:5,validateCredentials
FNF:1
FNH:0
FNDA:0,validateCredentials
DA:1,1
DA:2,1
DA:5,1
DA:6,0
DA:7,0
DA:9,0
DA:10,0
LF:7
LH:3
BRDA:6,0,0,0
BRDA:6,0,1,0
BRDA:9,1,0,0
BRDA:9,1,1,0
BRF:4
BRH:0
end_of_record
